<?xml version="1.0" encoding="UTF-8"?>
<coverage generated="1700750714190" clover="3.2.0">
  <project timestamp="1700750714190" name="All files">
    <metrics statements="8" coveredstatements="8" conditionals="2" coveredconditionals="2" methods="2" coveredmethods="2" elements="12" coveredelements="12" complexity="0" loc="8" ncloc="8" packages="1" files="2" classes="2"/>
    <file name="sub.ts" path="/Users/chenxinjian/Webspace/frontend-learning-code/monorepo/start/utils/my-tools/src/sub.ts">
      <metrics statements="4" coveredstatements="4" conditionals="1" coveredconditionals="1" methods="1" coveredmethods="1"/>
      <line num="1" count="1" type="stmt"/>
      <line num="2" count="1" type="cond" truecount="1" falsecount="0"/>
      <line num="3" count="1" type="stmt"/>
      <line num="4" count="1" type="stmt"/>
    </file>
    <file name="sum.ts" path="/Users/chenxinjian/Webspace/frontend-learning-code/monorepo/start/utils/my-tools/src/sum.ts">
      <metrics statements="4" coveredstatements="4" conditionals="1" coveredconditionals="1" methods="1" coveredmethods="1"/>
      <line num="1" count="1" type="stmt"/>
      <line num="2" count="1" type="cond" truecount="1" falsecount="0"/>
      <line num="3" count="1" type="stmt"/>
      <line num="4" count="1" type="stmt"/>
    </file>
  </project>
</coverage>
